<?xml version="1.0" encoding="UTF-8"?>
<testsuite xmlns:xsi="http://www.w3.org/2001/XMLSchema-instance" xsi:noNamespaceSchemaLocation="https://maven.apache.org/surefire/maven-surefire-plugin/xsd/surefire-test-report.xsd" name="TestSuite" time="3.245" tests="3" errors="0" skipped="0" failures="1">
  <properties>
[...]
</properties>
  <testcase name="testMethodThird" classname="test.ThirdTest" time="0.009"/>
  <testcase name="testMethodSecond" classname="test.SecondTest" time="0.035"/>
  <testcase name="testMethodOne" classname="test.FirstTest" time="0.036">
    <failure message="expected [false] but found [true]" type="java.lang.AssertionError">java.lang.AssertionError: expected [false] but found [true]
	at test.FirstTest.testMethodOne(FirstTest.java:11)
</failure>
  </testcase>
</testsuite>