<?xml version="1.0" encoding="UTF-8"?>
<!-- Generated by org.testng.reporters.JUnitXMLReporter -->
<testsuite hostname="WIN-I14J94MT2DO" ignored="0" name="FirstTest" tests="1" failures="1" timestamp="2022-01-03T00:20:52 MSK" time="0.101" errors="0">
  <testcase name="testMethodOne" time="0.037" classname="test.FirstTest">
    <failure type="java.lang.AssertionError" message="expected [false] but found [true]">
      <![CDATA[java.lang.AssertionError: expected [false] but found [true]
at test.FirstTest.testMethodOne(FirstTest.java:11)
at java.util.ArrayList.forEach(ArrayList.java:1259)
at java.util.concurrent.FutureTask.run(FutureTask.java:266)
at java.util.concurrent.ThreadPoolExecutor.runWorker(ThreadPoolExecutor.java:1149)
at java.util.concurrent.ThreadPoolExecutor$Worker.run(ThreadPoolExecutor.java:624)
at java.lang.Thread.run(Thread.java:748)
... Removed 22 stack frames]]>
    </failure>
  </testcase> <!-- testMethodOne -->
</testsuite> <!-- FirstTest -->
